00:11:25.879 [main] INFO  c.f.FinanceDividendApplication - Starting FinanceDividendApplication using Java 11.0.22 on eom with PID 18208 (C:\제로베이스\spring실습\finance-dividend\out\production\classes started by saab3 in C:\제로베이스\spring실습\finance-dividend)
00:11:25.885 [main] INFO  c.f.FinanceDividendApplication - No active profile set, falling back to default profiles: default
00:11:27.448 [main] INFO  o.s.d.r.c.RepositoryConfigurationDelegate - Multiple Spring Data modules found, entering strict repository configuration mode!
00:11:27.453 [main] INFO  o.s.d.r.c.RepositoryConfigurationDelegate - Bootstrapping Spring Data JPA repositories in DEFAULT mode.
00:11:27.831 [main] INFO  o.s.d.r.c.RepositoryConfigurationDelegate - Finished Spring Data repository scanning in 359 ms. Found 3 JPA repository interfaces.
00:11:27.867 [main] INFO  o.s.d.r.c.RepositoryConfigurationDelegate - Multiple Spring Data modules found, entering strict repository configuration mode!
00:11:27.869 [main] INFO  o.s.d.r.c.RepositoryConfigurationDelegate - Bootstrapping Spring Data Redis repositories in DEFAULT mode.
00:11:27.924 [main] INFO  o.s.d.r.c.RepositoryConfigurationExtensionSupport - Spring Data Redis - Could not safely identify store assignment for repository candidate interface com.financedividend.persist.CompanyRepository. If you want this repository to be a Redis repository, consider annotating your entities with one of these annotations: org.springframework.data.redis.core.RedisHash (preferred), or consider extending one of the following types with your repository: org.springframework.data.keyvalue.repository.KeyValueRepository.
00:11:27.928 [main] INFO  o.s.d.r.c.RepositoryConfigurationExtensionSupport - Spring Data Redis - Could not safely identify store assignment for repository candidate interface com.financedividend.persist.DividendRepository. If you want this repository to be a Redis repository, consider annotating your entities with one of these annotations: org.springframework.data.redis.core.RedisHash (preferred), or consider extending one of the following types with your repository: org.springframework.data.keyvalue.repository.KeyValueRepository.
00:11:27.930 [main] INFO  o.s.d.r.c.RepositoryConfigurationExtensionSupport - Spring Data Redis - Could not safely identify store assignment for repository candidate interface com.financedividend.persist.MemberRepository. If you want this repository to be a Redis repository, consider annotating your entities with one of these annotations: org.springframework.data.redis.core.RedisHash (preferred), or consider extending one of the following types with your repository: org.springframework.data.keyvalue.repository.KeyValueRepository.
00:11:27.931 [main] INFO  o.s.d.r.c.RepositoryConfigurationDelegate - Finished Spring Data repository scanning in 47 ms. Found 0 Redis repository interfaces.
00:11:28.607 [main] INFO  o.s.c.s.PostProcessorRegistrationDelegate$BeanPostProcessorChecker - Bean 'org.springframework.security.access.expression.method.DefaultMethodSecurityExpressionHandler@3667faa8' of type [org.springframework.security.access.expression.method.DefaultMethodSecurityExpressionHandler] is not eligible for getting processed by all BeanPostProcessors (for example: not eligible for auto-proxying)
00:11:28.619 [main] INFO  o.s.c.s.PostProcessorRegistrationDelegate$BeanPostProcessorChecker - Bean 'methodSecurityMetadataSource' of type [org.springframework.security.access.method.DelegatingMethodSecurityMetadataSource] is not eligible for getting processed by all BeanPostProcessors (for example: not eligible for auto-proxying)
00:11:29.493 [main] INFO  o.s.b.w.e.tomcat.TomcatWebServer - Tomcat initialized with port(s): 8080 (http)
00:11:29.510 [main] INFO  o.a.coyote.http11.Http11NioProtocol - Initializing ProtocolHandler ["http-nio-8080"]
00:11:29.511 [main] INFO  o.a.catalina.core.StandardService - Starting service [Tomcat]
00:11:29.512 [main] INFO  o.a.catalina.core.StandardEngine - Starting Servlet engine: [Apache Tomcat/9.0.54]
00:11:29.838 [main] INFO  o.a.c.c.C.[Tomcat].[localhost].[/] - Initializing Spring embedded WebApplicationContext
00:11:29.838 [main] INFO  o.s.b.w.s.c.ServletWebServerApplicationContext - Root WebApplicationContext: initialization completed in 3838 ms
00:11:29.912 [main] INFO  com.zaxxer.hikari.HikariDataSource - HikariPool-1 - Starting...
00:11:30.258 [main] INFO  com.zaxxer.hikari.HikariDataSource - HikariPool-1 - Start completed.
00:11:30.267 [main] INFO  o.s.b.a.h.H2ConsoleAutoConfiguration - H2 console available at '/h2-console'. Database available at 'jdbc:h2:mem:finance-dividend'
00:11:30.657 [main] INFO  o.h.jpa.internal.util.LogHelper - HHH000204: Processing PersistenceUnitInfo [name: default]
00:11:30.751 [main] INFO  org.hibernate.Version - HHH000412: Hibernate ORM core version 5.4.32.Final
00:11:31.024 [main] INFO  o.h.annotations.common.Version - HCANN000001: Hibernate Commons Annotations {5.1.2.Final}
00:11:31.288 [main] INFO  org.hibernate.dialect.Dialect - HHH000400: Using dialect: org.hibernate.dialect.H2Dialect
00:11:32.290 [main] INFO  o.h.e.t.j.p.i.JtaPlatformInitiator - HHH000490: Using JtaPlatform implementation: [org.hibernate.engine.transaction.jta.platform.internal.NoJtaPlatform]
00:11:32.300 [main] INFO  o.s.o.j.LocalContainerEntityManagerFactoryBean - Initialized JPA EntityManagerFactory for persistence unit 'default'
00:11:33.197 [main] WARN  o.s.b.a.o.j.JpaBaseConfiguration$JpaWebConfiguration - spring.jpa.open-in-view is enabled by default. Therefore, database queries may be performed during view rendering. Explicitly configure spring.jpa.open-in-view to disable this warning
00:11:33.784 [main] INFO  o.s.s.web.DefaultSecurityFilterChain - Will secure Ant [pattern='/h2-console/**'] with []
00:11:33.825 [main] INFO  o.s.s.web.DefaultSecurityFilterChain - Will secure any request with [org.springframework.security.web.context.request.async.WebAsyncManagerIntegrationFilter@488c6c98, org.springframework.security.web.context.SecurityContextPersistenceFilter@5978ba12, org.springframework.security.web.header.HeaderWriterFilter@2eb91767, org.springframework.security.web.authentication.logout.LogoutFilter@3b8a8abc, com.financedividend.security.JwtAuthenticationFilter@4b74a67a, org.springframework.security.web.savedrequest.RequestCacheAwareFilter@6b7e4db6, org.springframework.security.web.servletapi.SecurityContextHolderAwareRequestFilter@25c98637, org.springframework.security.web.authentication.AnonymousAuthenticationFilter@2530baf6, org.springframework.security.web.session.SessionManagementFilter@3093161a, org.springframework.security.web.access.ExceptionTranslationFilter@395abe85, org.springframework.security.web.access.intercept.FilterSecurityInterceptor@81a56b2]
00:11:34.639 [main] INFO  o.a.coyote.http11.Http11NioProtocol - Starting ProtocolHandler ["http-nio-8080"]
00:11:34.675 [main] INFO  o.s.b.w.e.tomcat.TomcatWebServer - Tomcat started on port(s): 8080 (http) with context path ''
00:11:34.697 [main] INFO  c.f.FinanceDividendApplication - Started FinanceDividendApplication in 9.85 seconds (JVM running for 10.706)
00:11:59.523 [http-nio-8080-exec-1] INFO  o.a.c.c.C.[Tomcat].[localhost].[/] - Initializing Spring DispatcherServlet 'dispatcherServlet'
00:11:59.525 [http-nio-8080-exec-1] INFO  o.s.web.servlet.DispatcherServlet - Initializing Servlet 'dispatcherServlet'
00:11:59.530 [http-nio-8080-exec-1] INFO  o.s.web.servlet.DispatcherServlet - Completed initialization in 3 ms
00:12:05.464 [http-nio-8080-exec-3] INFO  c.financedividend.web.AuthController - user login -> grace
00:12:11.440 [http-nio-8080-exec-4] INFO  c.f.security.JwtAuthenticationFilter - [grace] -> /company
00:12:14.183 [http-nio-8080-exec-4] ERROR o.a.c.c.C.[.[.[.[dispatcherServlet] - Servlet.service() for servlet [dispatcherServlet] in context with path [] threw exception [Request processing failed; nested exception is java.lang.IndexOutOfBoundsException: Index 1 out of bounds for length 1] with root cause
00:12:16.913 [http-nio-8080-exec-6] INFO  c.f.security.JwtAuthenticationFilter - [grace] -> /company
00:22:02.291 [SpringApplicationShutdownHook] INFO  o.s.o.j.LocalContainerEntityManagerFactoryBean - Closing JPA EntityManagerFactory for persistence unit 'default'
00:22:02.296 [SpringApplicationShutdownHook] INFO  com.zaxxer.hikari.HikariDataSource - HikariPool-1 - Shutdown initiated...
00:22:02.304 [SpringApplicationShutdownHook] INFO  com.zaxxer.hikari.HikariDataSource - HikariPool-1 - Shutdown completed.
